  TestGame.cpp
d:\programmieren\visual_studio\workspace\clockwork\clockwork_core\src\graphics\textures\texturearray2d.h(265): warning C4018: '<=': signed/unsigned mismatch
d:\programmieren\visual_studio\workspace\clockwork\clockwork_core\src\graphics\textures\texturearray2d.h(337): warning C4018: '<=': signed/unsigned mismatch
d:\programmieren\visual_studio\workspace\clockwork\clockwork_core\src\core\window.h(190): warning C4244: 'return': conversion from 'double' to 'const int', possible loss of data
d:\programmieren\visual_studio\workspace\clockwork\clockwork_core\src\core\window.h(193): warning C4244: 'return': conversion from 'double' to 'const int', possible loss of data
d:\programmieren\visual_studio\workspace\clockwork\clockwork_core\src\logics\states\game\testgame.cpp(65): warning C4244: 'argument': conversion from 'double' to 'float', possible loss of data
d:\programmieren\visual_studio\workspace\clockwork\clockwork_core\src\logics\states\game\testgame.cpp(85): warning C4244: 'argument': conversion from 'double' to 'unsigned int', possible loss of data
d:\programmieren\visual_studio\workspace\clockwork\clockwork_core\src\logics\states\game\testgame.cpp(90): warning C4244: 'argument': conversion from 'int' to 'float', possible loss of data
d:\programmieren\visual_studio\workspace\clockwork\clockwork_core\src\logics\states\game\testgame.cpp(109): warning C4244: 'argument': conversion from 'double' to 'float', possible loss of data
d:\programmieren\visual_studio\workspace\clockwork\clockwork_core\src\logics\states\game\testgame.cpp(113): warning C4244: 'argument': conversion from 'double' to 'float', possible loss of data
d:\programmieren\visual_studio\workspace\clockwork\clockwork_core\src\logics\states\game\testgame.cpp(117): warning C4244: 'argument': conversion from 'double' to 'float', possible loss of data
d:\programmieren\visual_studio\workspace\clockwork\clockwork_core\src\logics\states\game\testgame.cpp(121): warning C4244: 'argument': conversion from 'double' to 'float', possible loss of data
d:\programmieren\visual_studio\workspace\clockwork\clockwork_core\src\logics\states\game\testgame.cpp(125): warning C4244: 'argument': conversion from 'double' to 'float', possible loss of data
d:\programmieren\visual_studio\workspace\clockwork\clockwork_core\src\logics\states\game\testgame.cpp(129): warning C4244: 'argument': conversion from 'double' to 'float', possible loss of data
d:\programmieren\visual_studio\workspace\clockwork\clockwork_core\src\logics\states\game\testgame.cpp(145): warning C4244: 'argument': conversion from 'double' to 'float', possible loss of data
d:\programmieren\visual_studio\workspace\clockwork\clockwork_core\src\logics\states\game\testgame.cpp(183): warning C4244: 'argument': conversion from 'double' to 'float', possible loss of data
d:\programmieren\visual_studio\workspace\clockwork\clockwork_core\src\logics\states\game\testgame.cpp(196): warning C4244: 'argument': conversion from 'double' to 'float', possible loss of data
d:\programmieren\visual_studio\workspace\clockwork\clockwork_core\src\maths\mathfunctions.h(90): warning C4305: 'initializing': truncation from 'double' to 'const float'
  d:\programmieren\visual_studio\workspace\clockwork\clockwork_core\src\maths\mathfunctions.h(90): note: see reference to variable template 'const float pi<float>' being compiled
  d:\programmieren\visual_studio\workspace\clockwork\clockwork_core\src\logics\camera\camera.h(115): note: see reference to function template instantiation 'type clockwork::maths::toRadians<float>(type) noexcept' being compiled
          with
          [
              type=float
          ]
  Engine.cpp
d:\programmieren\visual_studio\workspace\clockwork\clockwork_core\src\core\window.h(190): warning C4244: 'return': conversion from 'double' to 'const int', possible loss of data
d:\programmieren\visual_studio\workspace\clockwork\clockwork_core\src\core\window.h(193): warning C4244: 'return': conversion from 'double' to 'const int', possible loss of data
d:\programmieren\visual_studio\workspace\clockwork\clockwork_core\src\graphics\textures\texturearray2d.h(265): warning C4018: '<=': signed/unsigned mismatch
d:\programmieren\visual_studio\workspace\clockwork\clockwork_core\src\graphics\textures\texturearray2d.h(337): warning C4018: '<=': signed/unsigned mismatch
d:\programmieren\visual_studio\workspace\clockwork\clockwork_core\src\maths\mathfunctions.h(90): warning C4305: 'initializing': truncation from 'double' to 'const float'
  d:\programmieren\visual_studio\workspace\clockwork\clockwork_core\src\maths\mathfunctions.h(90): note: see reference to variable template 'const float pi<float>' being compiled
  d:\programmieren\visual_studio\workspace\clockwork\clockwork_core\src\logics\camera\camera.h(115): note: see reference to function template instantiation 'type clockwork::maths::toRadians<float>(type) noexcept' being compiled
          with
          [
              type=float
          ]
  Generating Code...
  Clockwork_Core.vcxproj -> D:\Programmieren\visual_studio\workspace\Clockwork\Clockwork_Core\bin\Win32\Debug\Clockwork_Core.exe
