d:\programmieren\visual_studio\workspace\clockwork\clockwork_core\bin\win32\debug\intermediates\vc141.pdb
d:\programmieren\visual_studio\workspace\clockwork\clockwork_core\bin\win32\debug\intermediates\vc141.idb
d:\programmieren\visual_studio\workspace\clockwork\clockwork_core\bin\win32\debug\intermediates\engine.obj
d:\programmieren\visual_studio\workspace\clockwork\clockwork_core\bin\win32\debug\intermediates\examplegame.obj
d:\programmieren\visual_studio\workspace\clockwork\clockwork_core\bin\win32\debug\intermediates\main.obj
d:\programmieren\visual_studio\workspace\clockwork\clockwork_core\bin\win32\debug\intermediates\window.obj
d:\programmieren\visual_studio\workspace\clockwork\clockwork_core\bin\win32\debug\intermediates\copybuffer.obj
d:\programmieren\visual_studio\workspace\clockwork\clockwork_core\bin\win32\debug\intermediates\internalcopybuffer.obj
d:\programmieren\visual_studio\workspace\clockwork\clockwork_core\bin\win32\debug\intermediates\vertexbuffer.obj
d:\programmieren\visual_studio\workspace\clockwork\clockwork_core\bin\win32\debug\intermediates\openglstuff.obj
d:\programmieren\visual_studio\workspace\clockwork\clockwork_core\bin\win32\debug\intermediates\cube.obj
d:\programmieren\visual_studio\workspace\clockwork\clockwork_core\bin\win32\debug\intermediates\testgame.obj
d:\programmieren\visual_studio\workspace\clockwork\clockwork_core\bin\win32\debug\intermediates\loading.obj
d:\programmieren\visual_studio\workspace\clockwork\clockwork_core\bin\win32\debug\intermediates\state.obj
d:\programmieren\visual_studio\workspace\clockwork\clockwork_core\bin\win32\debug\intermediates\mathfunctions.obj
d:\programmieren\visual_studio\workspace\clockwork\clockwork_core\bin\win32\debug\intermediates\file.obj
d:\programmieren\visual_studio\workspace\clockwork\clockwork_core\bin\win32\debug\intermediates\image.obj
d:\programmieren\visual_studio\workspace\clockwork\clockwork_core\bin\win32\debug\intermediates\glad.obj
d:\programmieren\visual_studio\workspace\clockwork\clockwork_core\bin\win32\debug\intermediates\cubemanager.obj
d:\programmieren\visual_studio\workspace\clockwork\clockwork_core\bin\win32\debug\intermediates\instancedcube.obj
d:\programmieren\visual_studio\workspace\clockwork\clockwork_core\bin\win32\debug\intermediates\normalcube.obj
d:\programmieren\visual_studio\workspace\clockwork\clockwork_core\bin\win32\debug\intermediates\instancedrenderer.obj
d:\programmieren\visual_studio\workspace\clockwork\clockwork_core\bin\win32\debug\intermediates\normalrenderer.obj
d:\programmieren\visual_studio\workspace\clockwork\clockwork_core\bin\win32\debug\clockwork_core.exe
d:\programmieren\visual_studio\workspace\clockwork\clockwork_core\bin\win32\debug\clockwork_core.ilk
d:\programmieren\visual_studio\workspace\clockwork\clockwork_core\bin\win32\debug\clockwork_core.pdb
d:\programmieren\visual_studio\workspace\clockwork\clockwork_core\bin\win32\debug\intermediates\clockwork_core.tlog\cl.command.1.tlog
d:\programmieren\visual_studio\workspace\clockwork\clockwork_core\bin\win32\debug\intermediates\clockwork_core.tlog\cl.read.1.tlog
d:\programmieren\visual_studio\workspace\clockwork\clockwork_core\bin\win32\debug\intermediates\clockwork_core.tlog\cl.write.1.tlog
d:\programmieren\visual_studio\workspace\clockwork\clockwork_core\bin\win32\debug\intermediates\clockwork_core.tlog\link.command.1.tlog
d:\programmieren\visual_studio\workspace\clockwork\clockwork_core\bin\win32\debug\intermediates\clockwork_core.tlog\link.read.1.tlog
d:\programmieren\visual_studio\workspace\clockwork\clockwork_core\bin\win32\debug\intermediates\clockwork_core.tlog\link.write.1.tlog
